build/outputs/logs/manifest-merger-debug-report.txt
-- Merging decision tree log ---
manifest
ADDED from examples/ChatDemoUI3.0/AndroidManifest.xml:2:1-429:12
	xmlns:android
		ADDED from examples/ChatDemoUI3.0/AndroidManifest.xml:2:11-69
	package
		ADDED from examples/ChatDemoUI3.0/AndroidManifest.xml:3:5-34
		INJECTED from examples/ChatDemoUI3.0/AndroidManifest.xml
		INJECTED from examples/ChatDemoUI3.0/AndroidManifest.xml
	android:versionName
		ADDED from examples/ChatDemoUI3.0/AndroidManifest.xml:5:5-32
		INJECTED from examples/ChatDemoUI3.0/AndroidManifest.xml
		INJECTED from examples/ChatDemoUI3.0/AndroidManifest.xml
	android:versionCode
		ADDED from examples/ChatDemoUI3.0/AndroidManifest.xml:4:5-29
		INJECTED from examples/ChatDemoUI3.0/AndroidManifest.xml
		INJECTED from examples/ChatDemoUI3.0/AndroidManifest.xml
uses-sdk
ADDED from examples/ChatDemoUI3.0/AndroidManifest.xml:7:5-9:41
MERGED from [com.android.support:multidex:1.0.1] AndroidManifest.xml:18:5-42
MERGED from [ChatDemoUI3.0:easeui:unspecified] AndroidManifest.xml:5:5-7:41
	android:targetSdkVersion
		ADDED from examples/ChatDemoUI3.0/AndroidManifest.xml:9:9-38
		INJECTED from examples/ChatDemoUI3.0/AndroidManifest.xml
		INJECTED from examples/ChatDemoUI3.0/AndroidManifest.xml
	android:minSdkVersion
		ADDED from examples/ChatDemoUI3.0/AndroidManifest.xml:8:9-34
		INJECTED from examples/ChatDemoUI3.0/AndroidManifest.xml
		INJECTED from examples/ChatDemoUI3.0/AndroidManifest.xml
uses-permission#android.permission.VIBRATE
ADDED from examples/ChatDemoUI3.0/AndroidManifest.xml:11:5-66
	android:name
		ADDED from examples/ChatDemoUI3.0/AndroidManifest.xml:11:22-63
uses-permission#android.permission.INTERNET
ADDED from examples/ChatDemoUI3.0/AndroidManifest.xml:12:5-67
	android:name
		ADDED from examples/ChatDemoUI3.0/AndroidManifest.xml:12:22-64
uses-permission#android.permission.RECORD_AUDIO
ADDED from examples/ChatDemoUI3.0/AndroidManifest.xml:13:5-71
	android:name
		ADDED from examples/ChatDemoUI3.0/AndroidManifest.xml:13:22-68
uses-permission#android.permission.CAMERA
ADDED from examples/ChatDemoUI3.0/AndroidManifest.xml:14:5-65
	android:name
		ADDED from examples/ChatDemoUI3.0/AndroidManifest.xml:14:22-62
uses-permission#android.permission.ACCESS_NETWORK_STATE
ADDED from examples/ChatDemoUI3.0/AndroidManifest.xml:15:5-79
	android:name
		ADDED from examples/ChatDemoUI3.0/AndroidManifest.xml:15:22-76
uses-permission#android.permission.WRITE_EXTERNAL_STORAGE
ADDED from examples/ChatDemoUI3.0/AndroidManifest.xml:16:5-81
	android:name
		ADDED from examples/ChatDemoUI3.0/AndroidManifest.xml:16:22-78
uses-permission#android.permission.MOUNT_UNMOUNT_FILESYSTEMS
ADDED from examples/ChatDemoUI3.0/AndroidManifest.xml:17:5-84
	android:name
		ADDED from examples/ChatDemoUI3.0/AndroidManifest.xml:17:22-81
uses-permission#android.permission.ACCESS_FINE_LOCATION
ADDED from examples/ChatDemoUI3.0/AndroidManifest.xml:18:5-79
	android:name
		ADDED from examples/ChatDemoUI3.0/AndroidManifest.xml:18:22-76
uses-permission#android.permission.GET_TASKS
ADDED from examples/ChatDemoUI3.0/AndroidManifest.xml:19:5-68
	android:name
		ADDED from examples/ChatDemoUI3.0/AndroidManifest.xml:19:22-65
uses-permission#android.permission.ACCESS_WIFI_STATE
ADDED from examples/ChatDemoUI3.0/AndroidManifest.xml:20:5-76
	android:name
		ADDED from examples/ChatDemoUI3.0/AndroidManifest.xml:20:22-73
uses-permission#android.permission.CHANGE_WIFI_STATE
ADDED from examples/ChatDemoUI3.0/AndroidManifest.xml:21:5-76
	android:name
		ADDED from examples/ChatDemoUI3.0/AndroidManifest.xml:21:22-73
uses-permission#android.permission.WAKE_LOCK
ADDED from examples/ChatDemoUI3.0/AndroidManifest.xml:22:5-68
	android:name
		ADDED from examples/ChatDemoUI3.0/AndroidManifest.xml:22:22-65
uses-permission#android.permission.MODIFY_AUDIO_SETTINGS
ADDED from examples/ChatDemoUI3.0/AndroidManifest.xml:23:5-80
	android:name
		ADDED from examples/ChatDemoUI3.0/AndroidManifest.xml:23:22-77
uses-permission#android.permission.READ_PHONE_STATE
ADDED from examples/ChatDemoUI3.0/AndroidManifest.xml:24:5-75
	android:name
		ADDED from examples/ChatDemoUI3.0/AndroidManifest.xml:24:22-72
uses-permission#android.permission.RECEIVE_BOOT_COMPLETED
ADDED from examples/ChatDemoUI3.0/AndroidManifest.xml:25:5-81
	android:name
		ADDED from examples/ChatDemoUI3.0/AndroidManifest.xml:25:22-78
uses-permission#android.permission.GET_ACCOUNTS
ADDED from examples/ChatDemoUI3.0/AndroidManifest.xml:26:5-71
	android:name
		ADDED from examples/ChatDemoUI3.0/AndroidManifest.xml:26:22-68
uses-permission#android.permission.USE_CREDENTIALS
ADDED from examples/ChatDemoUI3.0/AndroidManifest.xml:27:5-74
	android:name
		ADDED from examples/ChatDemoUI3.0/AndroidManifest.xml:27:22-71
uses-permission#android.permission.MANAGE_ACCOUNTS
ADDED from examples/ChatDemoUI3.0/AndroidManifest.xml:28:5-74
	android:name
		ADDED from examples/ChatDemoUI3.0/AndroidManifest.xml:28:22-71
uses-permission#android.permission.AUTHENTICATE_ACCOUNTS
ADDED from examples/ChatDemoUI3.0/AndroidManifest.xml:29:5-80
	android:name
		ADDED from examples/ChatDemoUI3.0/AndroidManifest.xml:29:22-77
uses-permission#com.android.launcher.permission.READ_SETTINGS
ADDED from examples/ChatDemoUI3.0/AndroidManifest.xml:30:5-85
	android:name
		ADDED from examples/ChatDemoUI3.0/AndroidManifest.xml:30:22-82
uses-permission#android.permission.BROADCAST_STICKY
ADDED from examples/ChatDemoUI3.0/AndroidManifest.xml:31:5-75
	android:name
		ADDED from examples/ChatDemoUI3.0/AndroidManifest.xml:31:22-72
uses-permission#android.permission.WRITE_SETTINGS
ADDED from examples/ChatDemoUI3.0/AndroidManifest.xml:32:5-73
	android:name
		ADDED from examples/ChatDemoUI3.0/AndroidManifest.xml:32:22-70
uses-permission#com.google.android.c2dm.permission.RECEIVE
ADDED from examples/ChatDemoUI3.0/AndroidManifest.xml:34:5-82
	android:name
		ADDED from examples/ChatDemoUI3.0/AndroidManifest.xml:34:22-79
permission#com.hyphenate.times.permission.C2D_MESSAGE
ADDED from examples/ChatDemoUI3.0/AndroidManifest.xml:36:5-38:47
	android:protectionLevel
		ADDED from examples/ChatDemoUI3.0/AndroidManifest.xml:38:9-44
	android:name
		ADDED from examples/ChatDemoUI3.0/AndroidManifest.xml:37:9-66
uses-permission#com.hyphenate.times.permission.C2D_MESSAGE
ADDED from examples/ChatDemoUI3.0/AndroidManifest.xml:39:5-82
	android:name
		ADDED from examples/ChatDemoUI3.0/AndroidManifest.xml:39:22-79
permission#com.hyphenate.times.permission.MIPUSH_RECEIVE
ADDED from examples/ChatDemoUI3.0/AndroidManifest.xml:41:5-43:47
	android:protectionLevel
		ADDED from examples/ChatDemoUI3.0/AndroidManifest.xml:43:9-44
	android:name
		ADDED from examples/ChatDemoUI3.0/AndroidManifest.xml:42:9-69
uses-permission#com.hyphenate.times.permission.MIPUSH_RECEIVE
ADDED from examples/ChatDemoUI3.0/AndroidManifest.xml:45:5-85
	android:name
		ADDED from examples/ChatDemoUI3.0/AndroidManifest.xml:45:22-82
application
ADDED from examples/ChatDemoUI3.0/AndroidManifest.xml:47:5-427:19
MERGED from [ChatDemoUI3.0:easeui:unspecified] AndroidManifest.xml:9:5-13:19
	android:supportsRtl
		ADDED from [ChatDemoUI3.0:easeui:unspecified] AndroidManifest.xml:12:9-35
	android:label
		ADDED from examples/ChatDemoUI3.0/AndroidManifest.xml:51:9-41
	android:allowBackup
		ADDED from examples/ChatDemoUI3.0/AndroidManifest.xml:49:9-35
	android:icon
		ADDED from examples/ChatDemoUI3.0/AndroidManifest.xml:50:9-48
	android:name
		ADDED from examples/ChatDemoUI3.0/AndroidManifest.xml:48:9-39
activity#com.hyphenate.times.ui.MainActivity
ADDED from examples/ChatDemoUI3.0/AndroidManifest.xml:52:9-57:64
	android:windowSoftInputMode
		ADDED from examples/ChatDemoUI3.0/AndroidManifest.xml:57:13-52
	android:screenOrientation
		ADDED from examples/ChatDemoUI3.0/AndroidManifest.xml:55:13-49
	android:theme
		ADDED from examples/ChatDemoUI3.0/AndroidManifest.xml:56:13-52
	android:name
		ADDED from examples/ChatDemoUI3.0/AndroidManifest.xml:53:13-63
	android:launchMode
		ADDED from examples/ChatDemoUI3.0/AndroidManifest.xml:54:13-44
activity#com.hyphenate.times.ui.SplashActivity
ADDED from examples/ChatDemoUI3.0/AndroidManifest.xml:60:9-69:20
	android:screenOrientation
		ADDED from examples/ChatDemoUI3.0/AndroidManifest.xml:62:13-49
	android:theme
		ADDED from examples/ChatDemoUI3.0/AndroidManifest.xml:63:13-52
	android:name
		ADDED from examples/ChatDemoUI3.0/AndroidManifest.xml:61:13-65
intent-filter#android.intent.action.MAIN+android.intent.category.LAUNCHER
ADDED from examples/ChatDemoUI3.0/AndroidManifest.xml:64:13-68:29
action#android.intent.action.MAIN
ADDED from examples/ChatDemoUI3.0/AndroidManifest.xml:65:17-69
	android:name
		ADDED from examples/ChatDemoUI3.0/AndroidManifest.xml:65:25-66
category#android.intent.category.LAUNCHER
ADDED from examples/ChatDemoUI3.0/AndroidManifest.xml:67:17-77
	android:name
		ADDED from examples/ChatDemoUI3.0/AndroidManifest.xml:67:27-74
activity#com.hyphenate.times.ui.MyLoginSelectPhoneActivity
ADDED from examples/ChatDemoUI3.0/AndroidManifest.xml:70:9-72:47
	android:theme
		ADDED from examples/ChatDemoUI3.0/AndroidManifest.xml:72:13-44
	android:name
		ADDED from examples/ChatDemoUI3.0/AndroidManifest.xml:71:13-58
activity#com.hyphenate.times.ui.MyLoginCheckActivity
ADDED from examples/ChatDemoUI3.0/AndroidManifest.xml:74:9-76:47
	android:theme
		ADDED from examples/ChatDemoUI3.0/AndroidManifest.xml:76:13-44
	android:name
		ADDED from examples/ChatDemoUI3.0/AndroidManifest.xml:75:13-52
activity#com.hyphenate.times.country.CountryActivity
ADDED from examples/ChatDemoUI3.0/AndroidManifest.xml:78:9-80:47
	android:theme
		ADDED from examples/ChatDemoUI3.0/AndroidManifest.xml:80:13-44
	android:name
		ADDED from examples/ChatDemoUI3.0/AndroidManifest.xml:79:13-52
activity#com.hyphenate.times.ui.MyLoginFinishActivity
ADDED from examples/ChatDemoUI3.0/AndroidManifest.xml:81:9-83:47
	android:theme
		ADDED from examples/ChatDemoUI3.0/AndroidManifest.xml:83:13-44
	android:name
		ADDED from examples/ChatDemoUI3.0/AndroidManifest.xml:82:13-53
activity#com.hyphenate.times.ui.MyLoginInitActivity
ADDED from examples/ChatDemoUI3.0/AndroidManifest.xml:84:9-86:47
	android:theme
		ADDED from examples/ChatDemoUI3.0/AndroidManifest.xml:86:13-44
	android:name
		ADDED from examples/ChatDemoUI3.0/AndroidManifest.xml:85:13-51
activity#com.hyphenate.times.ui.LoginActivity
ADDED from examples/ChatDemoUI3.0/AndroidManifest.xml:89:9-93:80
	android:windowSoftInputMode
		ADDED from examples/ChatDemoUI3.0/AndroidManifest.xml:93:13-68
	android:screenOrientation
		ADDED from examples/ChatDemoUI3.0/AndroidManifest.xml:91:13-49
	android:theme
		ADDED from examples/ChatDemoUI3.0/AndroidManifest.xml:92:13-52
	android:name
		ADDED from examples/ChatDemoUI3.0/AndroidManifest.xml:90:13-64
activity#com.hyphenate.times.ui.RegisterActivity
ADDED from examples/ChatDemoUI3.0/AndroidManifest.xml:96:9-100:80
	android:windowSoftInputMode
		ADDED from examples/ChatDemoUI3.0/AndroidManifest.xml:100:13-68
	android:screenOrientation
		ADDED from examples/ChatDemoUI3.0/AndroidManifest.xml:98:13-49
	android:theme
		ADDED from examples/ChatDemoUI3.0/AndroidManifest.xml:99:13-52
	android:name
		ADDED from examples/ChatDemoUI3.0/AndroidManifest.xml:97:13-67
activity#com.hyphenate.times.ui.ChatActivity
ADDED from examples/ChatDemoUI3.0/AndroidManifest.xml:102:9-107:67
	android:windowSoftInputMode
		ADDED from examples/ChatDemoUI3.0/AndroidManifest.xml:107:13-55
	android:screenOrientation
		ADDED from examples/ChatDemoUI3.0/AndroidManifest.xml:105:13-49
	android:theme
		ADDED from examples/ChatDemoUI3.0/AndroidManifest.xml:106:13-52
	android:name
		ADDED from examples/ChatDemoUI3.0/AndroidManifest.xml:103:13-63
	android:launchMode
		ADDED from examples/ChatDemoUI3.0/AndroidManifest.xml:104:13-44
activity#com.hyphenate.applib.ui.ChatActivity
ADDED from examples/ChatDemoUI3.0/AndroidManifest.xml:109:9-114:67
	android:windowSoftInputMode
		ADDED from examples/ChatDemoUI3.0/AndroidManifest.xml:114:13-55
	android:screenOrientation
		ADDED from examples/ChatDemoUI3.0/AndroidManifest.xml:112:13-49
	android:theme
		ADDED from examples/ChatDemoUI3.0/AndroidManifest.xml:113:13-52
	android:name
		ADDED from examples/ChatDemoUI3.0/AndroidManifest.xml:110:13-64
	android:launchMode
		ADDED from examples/ChatDemoUI3.0/AndroidManifest.xml:111:13-43
activity#com.hyphenate.times.ui.AddContactActivity
ADDED from examples/ChatDemoUI3.0/AndroidManifest.xml:116:9-120:67
	android:windowSoftInputMode
		ADDED from examples/ChatDemoUI3.0/AndroidManifest.xml:120:13-55
	android:screenOrientation
		ADDED from examples/ChatDemoUI3.0/AndroidManifest.xml:118:13-49
	android:theme
		ADDED from examples/ChatDemoUI3.0/AndroidManifest.xml:119:13-52
	android:name
		ADDED from examples/ChatDemoUI3.0/AndroidManifest.xml:117:13-69
activity#com.hyphenate.times.ui.GroupDetailsActivity
ADDED from examples/ChatDemoUI3.0/AndroidManifest.xml:122:9-125:64
	android:screenOrientation
		ADDED from examples/ChatDemoUI3.0/AndroidManifest.xml:124:13-49
	android:theme
		ADDED from examples/ChatDemoUI3.0/AndroidManifest.xml:125:13-52
	android:name
		ADDED from examples/ChatDemoUI3.0/AndroidManifest.xml:123:13-71
activity#com.hyphenate.times.ui.GroupsActivity
ADDED from examples/ChatDemoUI3.0/AndroidManifest.xml:127:9-131:64
	android:windowSoftInputMode
		ADDED from examples/ChatDemoUI3.0/AndroidManifest.xml:131:13-52
	android:screenOrientation
		ADDED from examples/ChatDemoUI3.0/AndroidManifest.xml:129:13-49
	android:theme
		ADDED from examples/ChatDemoUI3.0/AndroidManifest.xml:130:13-52
	android:name
		ADDED from examples/ChatDemoUI3.0/AndroidManifest.xml:128:13-65
activity#com.hyphenate.times.ui.ChatRoomActivity
ADDED from examples/ChatDemoUI3.0/AndroidManifest.xml:133:9-137:64
	android:windowSoftInputMode
		ADDED from examples/ChatDemoUI3.0/AndroidManifest.xml:137:13-52
	android:screenOrientation
		ADDED from examples/ChatDemoUI3.0/AndroidManifest.xml:135:13-49
	android:theme
		ADDED from examples/ChatDemoUI3.0/AndroidManifest.xml:136:13-52
	android:name
		ADDED from examples/ChatDemoUI3.0/AndroidManifest.xml:134:13-67
activity#com.hyphenate.times.ui.ChatRoomDetailsActivity
ADDED from examples/ChatDemoUI3.0/AndroidManifest.xml:139:9-142:64
	android:screenOrientation
		ADDED from examples/ChatDemoUI3.0/AndroidManifest.xml:141:13-49
	android:theme
		ADDED from examples/ChatDemoUI3.0/AndroidManifest.xml:142:13-52
	android:name
		ADDED from examples/ChatDemoUI3.0/AndroidManifest.xml:140:13-74
activity#com.hyphenate.times.ui.NewGroupActivity
ADDED from examples/ChatDemoUI3.0/AndroidManifest.xml:145:9-149:64
	android:windowSoftInputMode
		ADDED from examples/ChatDemoUI3.0/AndroidManifest.xml:149:13-52
	android:screenOrientation
		ADDED from examples/ChatDemoUI3.0/AndroidManifest.xml:147:13-49
	android:theme
		ADDED from examples/ChatDemoUI3.0/AndroidManifest.xml:148:13-52
	android:name
		ADDED from examples/ChatDemoUI3.0/AndroidManifest.xml:146:13-67
activity#com.hyphenate.times.ui.ExitGroupDialog
ADDED from examples/ChatDemoUI3.0/AndroidManifest.xml:151:9-154:67
	android:screenOrientation
		ADDED from examples/ChatDemoUI3.0/AndroidManifest.xml:153:13-49
	android:theme
		ADDED from examples/ChatDemoUI3.0/AndroidManifest.xml:154:13-55
	android:name
		ADDED from examples/ChatDemoUI3.0/AndroidManifest.xml:152:13-66
activity#com.hyphenate.times.ui.GroupPickContactsActivity
ADDED from examples/ChatDemoUI3.0/AndroidManifest.xml:156:9-160:64
	android:windowSoftInputMode
		ADDED from examples/ChatDemoUI3.0/AndroidManifest.xml:160:13-52
	android:screenOrientation
		ADDED from examples/ChatDemoUI3.0/AndroidManifest.xml:158:13-49
	android:theme
		ADDED from examples/ChatDemoUI3.0/AndroidManifest.xml:159:13-52
	android:name
		ADDED from examples/ChatDemoUI3.0/AndroidManifest.xml:157:13-76
activity#com.hyphenate.easeui.ui.EaseBaiduMapActivity
ADDED from examples/ChatDemoUI3.0/AndroidManifest.xml:162:9-165:64
	android:screenOrientation
		ADDED from examples/ChatDemoUI3.0/AndroidManifest.xml:164:13-49
	android:theme
		ADDED from examples/ChatDemoUI3.0/AndroidManifest.xml:165:13-52
	android:name
		ADDED from examples/ChatDemoUI3.0/AndroidManifest.xml:163:13-72
activity#com.hyphenate.times.ui.NewFriendsMsgActivity
ADDED from examples/ChatDemoUI3.0/AndroidManifest.xml:168:9-171:64
	android:screenOrientation
		ADDED from examples/ChatDemoUI3.0/AndroidManifest.xml:170:13-49
	android:theme
		ADDED from examples/ChatDemoUI3.0/AndroidManifest.xml:171:13-52
	android:name
		ADDED from examples/ChatDemoUI3.0/AndroidManifest.xml:169:13-72
activity#com.hyphenate.times.ui.ForwardMessageActivity
ADDED from examples/ChatDemoUI3.0/AndroidManifest.xml:173:9-177:64
	android:windowSoftInputMode
		ADDED from examples/ChatDemoUI3.0/AndroidManifest.xml:177:13-52
	android:screenOrientation
		ADDED from examples/ChatDemoUI3.0/AndroidManifest.xml:175:13-49
	android:theme
		ADDED from examples/ChatDemoUI3.0/AndroidManifest.xml:176:13-52
	android:name
		ADDED from examples/ChatDemoUI3.0/AndroidManifest.xml:174:13-73
activity#com.hyphenate.times.ui.ContextMenuActivity
ADDED from examples/ChatDemoUI3.0/AndroidManifest.xml:179:9-182:61
	android:screenOrientation
		ADDED from examples/ChatDemoUI3.0/AndroidManifest.xml:181:13-49
	android:theme
		ADDED from examples/ChatDemoUI3.0/AndroidManifest.xml:182:13-49
	android:name
		ADDED from examples/ChatDemoUI3.0/AndroidManifest.xml:180:13-70
activity#com.hyphenate.easeui.ui.EaseShowBigImageActivity
ADDED from examples/ChatDemoUI3.0/AndroidManifest.xml:184:9-187:64
	android:screenOrientation
		ADDED from examples/ChatDemoUI3.0/AndroidManifest.xml:186:13-49
	android:theme
		ADDED from examples/ChatDemoUI3.0/AndroidManifest.xml:187:13-52
	android:name
		ADDED from examples/ChatDemoUI3.0/AndroidManifest.xml:185:13-76
activity#com.hyphenate.easeui.ui.EaseShowNormalFileActivity
ADDED from examples/ChatDemoUI3.0/AndroidManifest.xml:189:9-192:64
	android:screenOrientation
		ADDED from examples/ChatDemoUI3.0/AndroidManifest.xml:191:13-49
	android:theme
		ADDED from examples/ChatDemoUI3.0/AndroidManifest.xml:192:13-52
	android:name
		ADDED from examples/ChatDemoUI3.0/AndroidManifest.xml:190:13-78
activity#com.hyphenate.times.ui.BlacklistActivity
ADDED from examples/ChatDemoUI3.0/AndroidManifest.xml:194:9-197:64
	android:screenOrientation
		ADDED from examples/ChatDemoUI3.0/AndroidManifest.xml:196:13-49
	android:theme
		ADDED from examples/ChatDemoUI3.0/AndroidManifest.xml:197:13-52
	android:name
		ADDED from examples/ChatDemoUI3.0/AndroidManifest.xml:195:13-68
activity#com.hyphenate.times.ui.PublicGroupsActivity
ADDED from examples/ChatDemoUI3.0/AndroidManifest.xml:200:9-204:64
	android:windowSoftInputMode
		ADDED from examples/ChatDemoUI3.0/AndroidManifest.xml:204:13-52
	android:screenOrientation
		ADDED from examples/ChatDemoUI3.0/AndroidManifest.xml:202:13-49
	android:theme
		ADDED from examples/ChatDemoUI3.0/AndroidManifest.xml:203:13-52
	android:name
		ADDED from examples/ChatDemoUI3.0/AndroidManifest.xml:201:13-71
activity#com.hyphenate.times.ui.PublicChatRoomsActivity
ADDED from examples/ChatDemoUI3.0/AndroidManifest.xml:206:9-210:64
	android:windowSoftInputMode
		ADDED from examples/ChatDemoUI3.0/AndroidManifest.xml:210:13-52
	android:screenOrientation
		ADDED from examples/ChatDemoUI3.0/AndroidManifest.xml:208:13-49
	android:theme
		ADDED from examples/ChatDemoUI3.0/AndroidManifest.xml:209:13-52
	android:name
		ADDED from examples/ChatDemoUI3.0/AndroidManifest.xml:207:13-74
activity#com.hyphenate.times.ui.VoiceCallActivity
ADDED from examples/ChatDemoUI3.0/AndroidManifest.xml:213:9-217:60
	android:screenOrientation
		ADDED from examples/ChatDemoUI3.0/AndroidManifest.xml:216:13-49
	android:theme
		ADDED from examples/ChatDemoUI3.0/AndroidManifest.xml:217:13-48
	android:name
		ADDED from examples/ChatDemoUI3.0/AndroidManifest.xml:214:13-68
	android:launchMode
		ADDED from examples/ChatDemoUI3.0/AndroidManifest.xml:215:13-44
activity#com.hyphenate.times.ui.VideoCallActivity
ADDED from examples/ChatDemoUI3.0/AndroidManifest.xml:219:9-224:64
	android:screenOrientation
		ADDED from examples/ChatDemoUI3.0/AndroidManifest.xml:223:13-49
	android:configChanges
		ADDED from examples/ChatDemoUI3.0/AndroidManifest.xml:221:13-74
	android:theme
		ADDED from examples/ChatDemoUI3.0/AndroidManifest.xml:224:13-52
	android:name
		ADDED from examples/ChatDemoUI3.0/AndroidManifest.xml:220:13-68
	android:launchMode
		ADDED from examples/ChatDemoUI3.0/AndroidManifest.xml:222:13-44
activity#com.hyphenate.times.ui.GroupSimpleDetailActivity
ADDED from examples/ChatDemoUI3.0/AndroidManifest.xml:226:9-229:64
	android:screenOrientation
		ADDED from examples/ChatDemoUI3.0/AndroidManifest.xml:228:13-49
	android:theme
		ADDED from examples/ChatDemoUI3.0/AndroidManifest.xml:229:13-52
	android:name
		ADDED from examples/ChatDemoUI3.0/AndroidManifest.xml:227:13-76
activity#com.hyphenate.times.ui.GroupBlacklistActivity
ADDED from examples/ChatDemoUI3.0/AndroidManifest.xml:231:9-234:64
	android:screenOrientation
		ADDED from examples/ChatDemoUI3.0/AndroidManifest.xml:233:13-49
	android:theme
		ADDED from examples/ChatDemoUI3.0/AndroidManifest.xml:234:13-52
	android:name
		ADDED from examples/ChatDemoUI3.0/AndroidManifest.xml:232:13-73
activity#com.hyphenate.times.ui.GroupSearchMessageActivity
ADDED from examples/ChatDemoUI3.0/AndroidManifest.xml:235:9-239:67
	android:windowSoftInputMode
		ADDED from examples/ChatDemoUI3.0/AndroidManifest.xml:239:13-55
	android:screenOrientation
		ADDED from examples/ChatDemoUI3.0/AndroidManifest.xml:237:13-49
	android:theme
		ADDED from examples/ChatDemoUI3.0/AndroidManifest.xml:238:13-52
	android:name
		ADDED from examples/ChatDemoUI3.0/AndroidManifest.xml:236:13-77
activity#com.hyphenate.times.ui.PublicGroupsSeachActivity
ADDED from examples/ChatDemoUI3.0/AndroidManifest.xml:241:9-244:64
	android:screenOrientation
		ADDED from examples/ChatDemoUI3.0/AndroidManifest.xml:243:13-49
	android:theme
		ADDED from examples/ChatDemoUI3.0/AndroidManifest.xml:244:13-52
	android:name
		ADDED from examples/ChatDemoUI3.0/AndroidManifest.xml:242:13-76
activity#com.hyphenate.times.ui.EditActivity
ADDED from examples/ChatDemoUI3.0/AndroidManifest.xml:245:9-249:67
	android:windowSoftInputMode
		ADDED from examples/ChatDemoUI3.0/AndroidManifest.xml:249:13-55
	android:screenOrientation
		ADDED from examples/ChatDemoUI3.0/AndroidManifest.xml:247:13-49
	android:theme
		ADDED from examples/ChatDemoUI3.0/AndroidManifest.xml:248:13-52
	android:name
		ADDED from examples/ChatDemoUI3.0/AndroidManifest.xml:246:13-63
activity#com.hyphenate.easeui.ui.EaseShowVideoActivity
ADDED from examples/ChatDemoUI3.0/AndroidManifest.xml:250:9-254:72
	android:windowSoftInputMode
		ADDED from examples/ChatDemoUI3.0/AndroidManifest.xml:254:13-60
	android:screenOrientation
		ADDED from examples/ChatDemoUI3.0/AndroidManifest.xml:252:13-49
	android:theme
		ADDED from examples/ChatDemoUI3.0/AndroidManifest.xml:253:13-52
	android:name
		ADDED from examples/ChatDemoUI3.0/AndroidManifest.xml:251:13-73
activity#com.hyphenate.times.ui.ImageGridActivity
ADDED from examples/ChatDemoUI3.0/AndroidManifest.xml:256:9-260:72
	android:windowSoftInputMode
		ADDED from examples/ChatDemoUI3.0/AndroidManifest.xml:260:13-60
	android:screenOrientation
		ADDED from examples/ChatDemoUI3.0/AndroidManifest.xml:258:13-49
	android:theme
		ADDED from examples/ChatDemoUI3.0/AndroidManifest.xml:259:13-52
	android:name
		ADDED from examples/ChatDemoUI3.0/AndroidManifest.xml:257:13-68
activity#com.hyphenate.times.ui.RecorderVideoActivity
ADDED from examples/ChatDemoUI3.0/AndroidManifest.xml:261:9-265:72
	android:windowSoftInputMode
		ADDED from examples/ChatDemoUI3.0/AndroidManifest.xml:265:13-60
	android:screenOrientation
		ADDED from examples/ChatDemoUI3.0/AndroidManifest.xml:263:13-49
	android:theme
		ADDED from examples/ChatDemoUI3.0/AndroidManifest.xml:264:13-52
	android:name
		ADDED from examples/ChatDemoUI3.0/AndroidManifest.xml:262:13-72
activity#com.hyphenate.times.ui.DiagnoseActivity
ADDED from examples/ChatDemoUI3.0/AndroidManifest.xml:267:9-271:72
	android:windowSoftInputMode
		ADDED from examples/ChatDemoUI3.0/AndroidManifest.xml:271:13-60
	android:screenOrientation
		ADDED from examples/ChatDemoUI3.0/AndroidManifest.xml:269:13-49
	android:theme
		ADDED from examples/ChatDemoUI3.0/AndroidManifest.xml:270:13-52
	android:name
		ADDED from examples/ChatDemoUI3.0/AndroidManifest.xml:268:13-67
activity#com.hyphenate.times.ui.OfflinePushNickActivity
ADDED from examples/ChatDemoUI3.0/AndroidManifest.xml:274:9-278:72
	android:windowSoftInputMode
		ADDED from examples/ChatDemoUI3.0/AndroidManifest.xml:278:13-60
	android:screenOrientation
		ADDED from examples/ChatDemoUI3.0/AndroidManifest.xml:276:13-49
	android:theme
		ADDED from examples/ChatDemoUI3.0/AndroidManifest.xml:277:13-52
	android:name
		ADDED from examples/ChatDemoUI3.0/AndroidManifest.xml:275:13-74
activity#com.hyphenate.times.ui.RobotsActivity
ADDED from examples/ChatDemoUI3.0/AndroidManifest.xml:280:9-284:72
	android:windowSoftInputMode
		ADDED from examples/ChatDemoUI3.0/AndroidManifest.xml:284:13-60
	android:screenOrientation
		ADDED from examples/ChatDemoUI3.0/AndroidManifest.xml:282:13-49
	android:theme
		ADDED from examples/ChatDemoUI3.0/AndroidManifest.xml:283:13-52
	android:name
		ADDED from examples/ChatDemoUI3.0/AndroidManifest.xml:281:13-65
activity#com.hyphenate.times.ui.UserProfileActivity
ADDED from examples/ChatDemoUI3.0/AndroidManifest.xml:286:9-289:64
	android:screenOrientation
		ADDED from examples/ChatDemoUI3.0/AndroidManifest.xml:288:13-49
	android:theme
		ADDED from examples/ChatDemoUI3.0/AndroidManifest.xml:289:13-52
	android:name
		ADDED from examples/ChatDemoUI3.0/AndroidManifest.xml:287:13-70
receiver#com.hyphenate.times.receiver.StartServiceReceiver
ADDED from examples/ChatDemoUI3.0/AndroidManifest.xml:292:9-299:20
	android:name
		ADDED from examples/ChatDemoUI3.0/AndroidManifest.xml:292:19-83
intent-filter#android.intent.action.BOOT_COMPLETED+android.intent.action.QUICKBOOT_POWERON+android.intent.category.LAUNCHER
ADDED from examples/ChatDemoUI3.0/AndroidManifest.xml:293:13-298:29
	android:priority
		ADDED from examples/ChatDemoUI3.0/AndroidManifest.xml:293:28-51
action#android.intent.action.BOOT_COMPLETED
ADDED from examples/ChatDemoUI3.0/AndroidManifest.xml:294:17-79
	android:name
		ADDED from examples/ChatDemoUI3.0/AndroidManifest.xml:294:25-76
action#android.intent.action.QUICKBOOT_POWERON
ADDED from examples/ChatDemoUI3.0/AndroidManifest.xml:295:17-82
	android:name
		ADDED from examples/ChatDemoUI3.0/AndroidManifest.xml:295:25-79
receiver#com.hyphenate.chat.EMGCMBroadcastReceiver
ADDED from examples/ChatDemoUI3.0/AndroidManifest.xml:302:9-310:20
	android:exported
		ADDED from examples/ChatDemoUI3.0/AndroidManifest.xml:304:13-36
	android:permission
		ADDED from examples/ChatDemoUI3.0/AndroidManifest.xml:305:13-73
	android:name
		ADDED from examples/ChatDemoUI3.0/AndroidManifest.xml:303:13-69
intent-filter#com.google.android.c2dm.intent.RECEIVE+com.hyphenate.times
ADDED from examples/ChatDemoUI3.0/AndroidManifest.xml:306:13-309:29
action#com.google.android.c2dm.intent.RECEIVE
ADDED from examples/ChatDemoUI3.0/AndroidManifest.xml:307:17-81
	android:name
		ADDED from examples/ChatDemoUI3.0/AndroidManifest.xml:307:25-78
category#com.hyphenate.times
ADDED from examples/ChatDemoUI3.0/AndroidManifest.xml:308:17-64
	android:name
		ADDED from examples/ChatDemoUI3.0/AndroidManifest.xml:308:27-61
service#com.hyphenate.chat.EMGCMListenerService
ADDED from examples/ChatDemoUI3.0/AndroidManifest.xml:312:9-314:48
	android:exported
		ADDED from examples/ChatDemoUI3.0/AndroidManifest.xml:314:13-37
	android:name
		ADDED from examples/ChatDemoUI3.0/AndroidManifest.xml:313:13-67
receiver#com.hyphenate.times.receiver.GCMPushBroadCast
ADDED from examples/ChatDemoUI3.0/AndroidManifest.xml:316:9-323:20
	android:exported
		ADDED from examples/ChatDemoUI3.0/AndroidManifest.xml:318:13-37
	android:name
		ADDED from examples/ChatDemoUI3.0/AndroidManifest.xml:317:13-73
intent-filter#com.hyphenate.sdk.push+com.hyphenate.times
ADDED from examples/ChatDemoUI3.0/AndroidManifest.xml:319:13-322:29
action#com.hyphenate.sdk.push
ADDED from examples/ChatDemoUI3.0/AndroidManifest.xml:320:17-65
	android:name
		ADDED from examples/ChatDemoUI3.0/AndroidManifest.xml:320:25-62
service#com.xiaomi.mipush.sdk.PushMessageHandler
ADDED from examples/ChatDemoUI3.0/AndroidManifest.xml:327:9-330:39
	android:exported
		ADDED from examples/ChatDemoUI3.0/AndroidManifest.xml:330:13-36
	android:enabled
		ADDED from examples/ChatDemoUI3.0/AndroidManifest.xml:329:13-35
	android:name
		ADDED from examples/ChatDemoUI3.0/AndroidManifest.xml:328:13-68
service#com.xiaomi.mipush.sdk.MessageHandleService
ADDED from examples/ChatDemoUI3.0/AndroidManifest.xml:331:9-333:38
	android:enabled
		ADDED from examples/ChatDemoUI3.0/AndroidManifest.xml:333:13-35
	android:name
		ADDED from examples/ChatDemoUI3.0/AndroidManifest.xml:332:13-70
receiver#com.hyphenate.chat.EMMipushReceiver
ADDED from examples/ChatDemoUI3.0/AndroidManifest.xml:335:9-347:20
	android:exported
		ADDED from examples/ChatDemoUI3.0/AndroidManifest.xml:337:13-36
	android:name
		ADDED from examples/ChatDemoUI3.0/AndroidManifest.xml:336:13-63
intent-filter#com.xiaomi.mipush.RECEIVE_MESSAGE
ADDED from examples/ChatDemoUI3.0/AndroidManifest.xml:338:13-340:29
action#com.xiaomi.mipush.RECEIVE_MESSAGE
ADDED from examples/ChatDemoUI3.0/AndroidManifest.xml:339:17-76
	android:name
		ADDED from examples/ChatDemoUI3.0/AndroidManifest.xml:339:25-73
intent-filter#com.xiaomi.mipush.MESSAGE_ARRIVED
ADDED from examples/ChatDemoUI3.0/AndroidManifest.xml:341:13-343:29
action#com.xiaomi.mipush.MESSAGE_ARRIVED
ADDED from examples/ChatDemoUI3.0/AndroidManifest.xml:342:17-76
	android:name
		ADDED from examples/ChatDemoUI3.0/AndroidManifest.xml:342:25-73
intent-filter#com.xiaomi.mipush.ERROR
ADDED from examples/ChatDemoUI3.0/AndroidManifest.xml:344:13-346:29
action#com.xiaomi.mipush.ERROR
ADDED from examples/ChatDemoUI3.0/AndroidManifest.xml:345:17-66
	android:name
		ADDED from examples/ChatDemoUI3.0/AndroidManifest.xml:345:25-63